app/build/intermediates/manifest_merge_blame_file/debug/manifest-merger-blame-debug-report.txt
1<?xml version="1.0" encoding="utf-8"?>
2<manifest xmlns:android="http://schemas.android.com/apk/res/android"
3    package="com.example.safetyfirst"
4    android:versionCode="1"
5    android:versionName="1.0" >
6
7    <uses-sdk
8        android:minSdkVersion="26"
8-->src\main\AndroidManifest.xml
9        android:targetSdkVersion="30" />
9-->src\main\AndroidManifest.xml
10
11    <application
11-->src\main\AndroidManifest.xml:5:5-29:19
12        android:allowBackup="true"
12-->src\main\AndroidManifest.xml:6:13-39
13        android:appComponentFactory="androidx.core.app.CoreComponentFactory"
13-->[androidx.core:core:1.3.1] AndroidManifest.xml:24:18-86
14        android:debuggable="true"
15        android:extractNativeLibs="false"
16        android:icon="@mipmap/ic_launcher"
16-->src\main\AndroidManifest.xml:7:13-47
17        android:label="@string/app_name"
17-->src\main\AndroidManifest.xml:8:13-45
18        android:roundIcon="@mipmap/ic_launcher_round"
18-->src\main\AndroidManifest.xml:9:13-58
19        android:supportsRtl="true"
19-->src\main\AndroidManifest.xml:10:13-39
20        android:testOnly="true"
21        android:theme="@style/Theme.SafetyFirst" >
21-->src\main\AndroidManifest.xml:11:13-53
22        <activity android:name="com.example.safetyfirst.EarthquakeModule" >
22-->src\main\AndroidManifest.xml:12:9-13:20
22-->src\main\AndroidManifest.xml:12:19-51
23        </activity>
24        <activity android:name="com.example.safetyfirst.ShooterGame" >
24-->src\main\AndroidManifest.xml:14:9-15:20
24-->src\main\AndroidManifest.xml:14:19-46
25        </activity>
26        <activity android:name="com.example.safetyfirst.MazeGame" >
26-->src\main\AndroidManifest.xml:16:9-17:20
26-->src\main\AndroidManifest.xml:16:19-43
27        </activity>
28        <activity android:name="com.example.safetyfirst.DisasterPage" >
28-->src\main\AndroidManifest.xml:18:9-19:20
28-->src\main\AndroidManifest.xml:18:19-47
29        </activity>
30        <activity android:name="com.example.safetyfirst.PreTest" >
30-->src\main\AndroidManifest.xml:20:9-21:20
30-->src\main\AndroidManifest.xml:20:19-42
31        </activity>
32        <activity android:name="com.example.safetyfirst.MainActivity" >
32-->src\main\AndroidManifest.xml:22:9-28:20
32-->src\main\AndroidManifest.xml:22:19-47
33            <intent-filter>
33-->src\main\AndroidManifest.xml:23:13-27:29
34                <action android:name="android.intent.action.MAIN" />
34-->src\main\AndroidManifest.xml:24:17-68
34-->src\main\AndroidManifest.xml:24:25-66
35
36                <category android:name="android.intent.category.LAUNCHER" />
36-->src\main\AndroidManifest.xml:26:17-76
36-->src\main\AndroidManifest.xml:26:27-74
37            </intent-filter>
38        </activity>
39    </application>
40
41</manifest>